[ 2023-06-10 19:27:59,501 ] 38 root - INFO - Data Ingestion Mode START
[ 2023-06-10 19:28:05,439 ] 44 root - INFO - Exported collection as dataframe
[ 2023-06-10 19:28:05,494 ] 49 root - INFO - Raw Data is created
[ 2023-06-10 19:28:05,495 ] 26 root - INFO - Data_dealing with Outliers
[ 2023-06-10 19:28:05,501 ] 26 root - INFO - Data_dealing with Outliers
[ 2023-06-10 19:28:05,505 ] 53 root - INFO - Outliers dealing Completed
[ 2023-06-10 19:28:05,556 ] 58 root - INFO - train and test Data is created
[ 2023-06-10 19:28:05,654 ] 61 root - INFO - Read Train and Test Completed
[ 2023-06-10 19:28:05,680 ] 62 root - INFO - The dataframe Head:  
   mean radius  mean texture  mean perimeter  mean area  mean smoothness  mean compactness  mean concavity  mean concave points  mean symmetry  mean fractal dimension  radius error  texture error  perimeter error  area error  smoothness error  compactness error  concavity error  concave points error  symmetry error  fractal dimension error  worst radius  worst texture  worst perimeter  worst area  worst smoothness  worst compactness  worst concavity  worst concave points  worst symmetry  worst fractal dimension  target
0        13.74         17.91           88.12  -0.198597          0.07944           0.06376         0.02881              0.01329         0.1473                 0.05580        0.2500         0.7574            1.573       21.47          0.002838            0.01592          0.01780              0.005828         0.01329                 0.001976         15.34          22.46            97.19   -0.271680           0.09711             0.1824           0.1564               0.06019          0.2350                  0.07014       1
1        13.37         16.39           86.10  -0.288108          0.07115           0.07325         0.08092              0.02800         0.1422                 0.05823        0.1639         1.1400            1.223       14.66          0.005919            0.03270          0.04957              0.010380         0.01208                 0.004076         14.26          22.75            91.99   -0.436428           0.10250             0.2531           0.3308               0.08978          0.2048                  0.07628       1
2        14.69         13.98           98.22   0.003441          0.10310           0.18360         0.14500              0.06300         0.2086                 0.07406        0.5462         1.5110            4.795       49.45          0.009976            0.05244          0.05278              0.015800         0.02653                 0.005444         16.46          18.34           114.10   -0.125375           0.13120             0.3635           0.3219               0.11080          0.2827                  0.09208       1
3        12.91         16.33           82.53  -0.393531          0.07941           0.05366         0.03873              0.02377         0.1829                 0.05667        0.1942         0.9086            1.493       15.75          0.005298            0.01587          0.02321              0.008420         0.01853                 0.002152         13.88          22.00            90.81   -0.491753           0.10970             0.1506           0.1764               0.08235          0.3024                  0.06949       1
4        13.62         23.23           87.19  -0.232128          0.09246           0.06747         0.02974              0.02443         0.1664                 0.05801        0.3460         1.3360            2.066       31.24          0.005868            0.02099          0.02021              0.009064         0.02087                 0.002583         15.35          29.09            97.58   -0.264831           0.12160             0.1517           0.1049               0.07174          0.2642                  0.06953       1
[ 2023-06-10 19:28:05,708 ] 63 root - INFO - The dataframe Head:  
   mean radius  mean texture  mean perimeter  mean area  mean smoothness  mean compactness  mean concavity  mean concave points  mean symmetry  mean fractal dimension  radius error  texture error  perimeter error  area error  smoothness error  compactness error  concavity error  concave points error  symmetry error  fractal dimension error  worst radius  worst texture  worst perimeter  worst area  worst smoothness  worst compactness  worst concavity  worst concave points  worst symmetry  worst fractal dimension  target
0        12.47         18.60           81.09  -0.491566          0.09965            0.1058         0.08005              0.03821         0.1925                 0.06373        0.3961         1.0440            2.497       30.29          0.006953            0.01911          0.02701               0.01037         0.01782                 0.003586         14.97          24.64            96.05   -0.355986            0.1426             0.2378           0.2671               0.10150          0.3014                  0.08750       1
1        18.94         21.31          123.60   1.350076          0.09009            0.1029         0.10800              0.07951         0.1582                 0.05461        0.7888         0.7975            5.486       96.05          0.004444            0.01652          0.02269               0.01370         0.01386                 0.001698         24.86          26.58           165.90    1.730754            0.1193             0.2336           0.2687               0.17890          0.2551                  0.06589       0
2        15.46         19.48          101.70   0.267142          0.10920            0.1223         0.14660              0.08087         0.1931                 0.05796        0.4743         0.7859            3.094       48.31          0.006240            0.01484          0.02813               0.01093         0.01397                 0.002461         19.26          26.00           124.90    0.483733            0.1546             0.2394           0.3791               0.15140          0.2837                  0.08019       0
3        12.40         17.68           81.47  -0.531633          0.10540            0.1316         0.07741              0.02799         0.1811                 0.07102        0.1767         1.4600            2.204       15.43          0.010000            0.03295          0.04861               0.01167         0.02187                 0.006005         12.88          22.91            89.61   -0.640693            0.1450             0.2629           0.2403               0.07370          0.2556                  0.09359       1
4        11.54         14.44           74.65  -0.716053          0.09984            0.1120         0.06737              0.02594         0.1818                 0.06782        0.2784         1.7680            1.628       20.86          0.012150            0.04112          0.05553               0.01494         0.01840                 0.005512         12.26          19.68            78.78   -0.742562            0.1345             0.2118           0.1797               0.06918          0.2329                  0.08134       1
[ 2023-06-10 19:28:05,708 ] 65 root - INFO - Obtaining Preprocessing Object
[ 2023-06-10 19:28:05,708 ] 27 root - INFO - Initiate Data Transformation Scalling
[ 2023-06-10 19:28:05,709 ] 35 root - INFO - Data Transformation Pipeline Initiated
[ 2023-06-10 19:28:05,734 ] 92 root - INFO - Applying Preprocessing object on training and test datasets.
[ 2023-06-10 19:28:05,735 ] 24 root - INFO - Splitting Dependent and Independet variable form train and test data
[ 2023-06-10 19:28:05,736 ] 62 root - INFO - The error is Rasised in Data Model Training Stage
