[ 2023-07-02 12:26:25,346 ] 38 root - INFO - Data Ingestion Mode START
[ 2023-07-02 12:26:32,031 ] 44 root - INFO - Exported collection as dataframe
[ 2023-07-02 12:26:32,139 ] 49 root - INFO - Raw Data is created
[ 2023-07-02 12:26:32,140 ] 26 root - INFO - Data_dealing with Outliers
[ 2023-07-02 12:26:32,148 ] 26 root - INFO - Data_dealing with Outliers
[ 2023-07-02 12:26:32,151 ] 53 root - INFO - Outliers dealing Completed
[ 2023-07-02 12:26:32,249 ] 58 root - INFO - train and test Data is created
[ 2023-07-02 12:26:32,386 ] 61 root - INFO - Read Train and Test Completed
[ 2023-07-02 12:26:32,423 ] 62 root - INFO - The dataframe Head:  
   mean radius  mean texture  mean perimeter  mean area  mean smoothness  mean compactness  mean concavity  mean concave points  mean symmetry  mean fractal dimension  radius error  texture error  perimeter error  area error  smoothness error  compactness error  concavity error  concave points error  symmetry error  fractal dimension error  worst radius  worst texture  worst perimeter  worst area  worst smoothness  worst compactness  worst concavity  worst concave points  worst symmetry  worst fractal dimension  target
0        15.75         20.25          102.60   0.302511          0.10250            0.1204         0.11470              0.06462         0.1935                 0.06303        0.3473         0.9209            2.244       32.19          0.004766            0.02374          0.02384              0.008637         0.01772                 0.003131         19.56          30.29           125.90    0.364461            0.1552             0.4480           0.3976                0.1479          0.3993                  0.10640       0
1        14.76         14.74           94.87   0.039262          0.08875            0.0778         0.04608              0.03528         0.1521                 0.05912        0.3428         0.3981            2.537       29.06          0.004732            0.01506          0.01855              0.010670         0.02163                 0.002783         17.27          17.93           114.20    0.000381            0.1220             0.2009           0.2151                0.1251          0.3109                  0.08187       1
2        21.56         22.39          142.00   2.342826          0.11100            0.1159         0.24390              0.13890         0.1726                 0.05623        1.1760         1.2560            7.673      158.70          0.010300            0.02891          0.05198              0.024540         0.01114                 0.004239         25.45          26.40           166.10    2.014415            0.1410             0.2113           0.4107                0.2216          0.2060                  0.07115       0
3        23.21         26.97          153.50   2.885811          0.09509            0.1682         0.19500              0.12370         0.1909                 0.06309        1.0580         0.9635            7.247      155.80          0.006428            0.02863          0.04497              0.017160         0.01590                 0.003053         31.01          34.51           206.00    3.625713            0.1481             0.4126           0.5820                0.2593          0.3103                  0.08677       0
4        11.80         16.58           78.99  -0.633641          0.10910            0.1700         0.16590              0.07415         0.2678                 0.07371        0.3197         1.4260            2.281       24.72          0.005427            0.03633          0.04649              0.018430         0.05628                 0.004635         13.74          26.38            91.93   -0.507608            0.1385             0.4092           0.4504                0.1865          0.5774                  0.10300       0
[ 2023-07-02 12:26:32,460 ] 63 root - INFO - The dataframe Head:  
   mean radius  mean texture  mean perimeter  mean area  mean smoothness  mean compactness  mean concavity  mean concave points  mean symmetry  mean fractal dimension  radius error  texture error  perimeter error  area error  smoothness error  compactness error  concavity error  concave points error  symmetry error  fractal dimension error  worst radius  worst texture  worst perimeter  worst area  worst smoothness  worst compactness  worst concavity  worst concave points  worst symmetry  worst fractal dimension  target
0        19.53         32.47          128.00   1.615056          0.08420           0.11300         0.11450             0.066370         0.1428                 0.05313        0.7392         1.3210            4.722     109.900          0.005539            0.02644          0.02664              0.010780         0.01332                 0.002256         27.90          45.41           180.20    2.805128            0.1408            0.40970          0.39950               0.16250          0.2713                  0.07568       0
1        17.06         21.00          111.80   0.749691          0.11190           0.10560         0.15080             0.099340         0.1727                 0.06071        0.8161         2.1290            6.076      87.170          0.006455            0.01797          0.04502              0.017440         0.01829                 0.003733         20.99          33.15           143.20    0.845917            0.1449            0.20530          0.39200               0.18270          0.2623                  0.07599       0
2        14.95         17.57           96.85   0.065985          0.11670           0.13050         0.15390             0.086240         0.1957                 0.06216        1.2960         1.4520            8.419     101.900          0.010000            0.03480          0.06577              0.028010         0.05168                 0.002887         18.55          21.43           121.40    0.159578            0.1411            0.21640          0.33550               0.16670          0.3414                  0.07147       0
3        12.04         28.14           76.85  -0.582754          0.08752           0.06000         0.02367             0.023770         0.1854                 0.05698        0.6061         2.6430            4.099      44.960          0.007517            0.01555          0.01465              0.011830         0.02047                 0.003883         13.60          33.33            87.24   -0.549955            0.1041            0.09726          0.05524               0.05547          0.2404                  0.06639       1
4        11.54         10.72           73.73  -0.698742          0.08597           0.05969         0.01367             0.008907         0.1833                 0.06100        0.1312         0.3602            1.107       9.438          0.004124            0.01340          0.01003              0.004667         0.02032                 0.001952         12.34          12.87            81.23   -0.725318            0.1092            0.16260          0.08324               0.04715          0.3390                  0.07434       1
[ 2023-07-02 12:26:32,461 ] 65 root - INFO - Obtaining Preprocessing Object
[ 2023-07-02 12:26:32,461 ] 27 root - INFO - Initiate Data Transformation Scalling
[ 2023-07-02 12:26:32,461 ] 35 root - INFO - Data Transformation Pipeline Initiated
[ 2023-07-02 12:26:32,489 ] 92 root - INFO - Applying Preprocessing object on training and test datasets.
[ 2023-07-02 12:26:32,490 ] 24 root - INFO - Splitting Dependent and Independet variable form train and test data
[ 2023-07-02 12:26:34,716 ] 41 root - INFO - Model Reports: {'Random Forest': 1.0, 'Decision Tree': 0.8772962112514351, 'Gradient Classification': 1.0}
[ 2023-07-02 12:26:34,716 ] 52 root - INFO - best model found, model name: Random Forest, R2_score: 1.0
